<?xml version="1.0" encoding="UTF-8"?>
<!-- Generated by org.testng.reporters.JUnitReportReporter -->
<testsuite skipped="0" hostname="Acer-PC" name="healthcare.mavenprojects.SeleniumTest" tests="1" failures="0" timestamp="2020-06-27T14:53:23 IST" time="0.029" errors="0">
  <testcase name="ElementsUI" time="0.029" classname="healthcare.mavenprojects.SeleniumTest"/>
  <system-out/>
</testsuite> <!-- healthcare.mavenprojects.SeleniumTest -->
