<?xml version="1.0" encoding="UTF-8"?>
<!-- Generated by org.testng.reporters.JUnitReportReporter -->
<testsuite skipped="0" hostname="Acer-PC" name="healthcare.mavenprojects.RESTApiTest" tests="1" failures="0" timestamp="2020-06-26T14:58:50 IST" time="0.015" errors="0">
  <testcase name="Postjira" time="0.015" classname="healthcare.mavenprojects.RESTApiTest"/>
  <system-out/>
</testsuite> <!-- healthcare.mavenprojects.RESTApiTest -->
