<?xml version="1.0" encoding="UTF-8"?>
<!-- Generated by org.testng.reporters.JUnitReportReporter -->
<testsuite skipped="0" hostname="Acer-PC" name="healthcare.mavenprojects.AppiumTest" tests="1" failures="0" timestamp="2020-06-27T14:53:45 IST" time="0.038" errors="0">
  <testcase name="IOSApps" time="0.038" classname="healthcare.mavenprojects.AppiumTest"/>
  <system-out/>
</testsuite> <!-- healthcare.mavenprojects.AppiumTest -->
