<?xml version="1.0" encoding="UTF-8"?>
<!-- Generated by org.testng.reporters.JUnitReportReporter -->
<testsuite skipped="0" hostname="Acer-PC" name="healthcare.mavenprojects.AppiumTest" tests="2" failures="0" timestamp="2020-07-24T16:53:23 IST" time="0.019" errors="0">
  <testcase name="IOSApps" time="0.018" classname="healthcare.mavenprojects.AppiumTest"/>
  <system-out/>
  <testcase name="NativeAPAndroid" time="0.001" classname="healthcare.mavenprojects.AppiumTest"/>
  <system-out/>
</testsuite> <!-- healthcare.mavenprojects.AppiumTest -->
