<?xml version="1.0" encoding="UTF-8"?>
<!-- Generated by org.testng.reporters.JUnitReportReporter -->
<testsuite skipped="0" hostname="Acer-PC" name="healthcare.mavenprojects.RESTApiTest" tests="2" failures="0" timestamp="2020-07-24T16:53:23 IST" time="0.001" errors="0">
  <testcase name="Postjira" time="0.000" classname="healthcare.mavenprojects.RESTApiTest"/>
  <system-out/>
  <testcase name="deletetwiter" time="0.001" classname="healthcare.mavenprojects.RESTApiTest"/>
  <system-out/>
</testsuite> <!-- healthcare.mavenprojects.RESTApiTest -->
