<?xml version="1.0" encoding="UTF-8"?>
<!-- Generated by org.testng.reporters.JUnitReportReporter -->
<testsuite skipped="0" hostname="Acer-PC" name="healthcare.mavenprojects.SeleniumTest" tests="2" failures="0" timestamp="2020-07-24T16:53:23 IST" time="0.010" errors="0">
  <testcase name="BrowserAutomation" time="0.009" classname="healthcare.mavenprojects.SeleniumTest"/>
  <system-out/>
  <testcase name="ElementsUI" time="0.001" classname="healthcare.mavenprojects.SeleniumTest"/>
  <system-out/>
</testsuite> <!-- healthcare.mavenprojects.SeleniumTest -->
